0 info it worked if it ends with ok
1 verbose cli [ '/usr/local/bin/node', '/usr/local/bin/npm', 'run', 'build' ]
2 info using npm@3.10.10
3 info using node@v6.10.2
4 verbose run-script [ 'prebuild', 'build', 'postbuild' ]
5 info lifecycle scratch-map-frontend@~prebuild: scratch-map-frontend@
6 silly lifecycle scratch-map-frontend@~prebuild: no script for prebuild, continuing
7 info lifecycle scratch-map-frontend@~build: scratch-map-frontend@
8 verbose lifecycle scratch-map-frontend@~build: unsafe-perm in lifecycle true
9 verbose lifecycle scratch-map-frontend@~build: PATH: /usr/local/lib/node_modules/npm/bin/node-gyp-bin:/home/miron/sm-frontend/node_modules/.bin:/home/miron/bin:/home/miron/.local/bin:/usr/local/sbin:/usr/local/bin:/usr/sbin:/usr/bin:/sbin:/bin:/usr/games:/usr/local/games:/snap/bin
10 verbose lifecycle scratch-map-frontend@~build: CWD: /home/miron/sm-frontend
11 silly lifecycle scratch-map-frontend@~build: Args: [ '-c', 'ng build' ]
12 silly lifecycle scratch-map-frontend@~build: Returned: code: 1  signal: null
13 info lifecycle scratch-map-frontend@~build: Failed to exec build script
14 verbose stack Error: scratch-map-frontend@ build: `ng build`
14 verbose stack Exit status 1
14 verbose stack     at EventEmitter.<anonymous> (/usr/local/lib/node_modules/npm/lib/utils/lifecycle.js:255:16)
14 verbose stack     at emitTwo (events.js:106:13)
14 verbose stack     at EventEmitter.emit (events.js:191:7)
14 verbose stack     at ChildProcess.<anonymous> (/usr/local/lib/node_modules/npm/lib/utils/spawn.js:40:14)
14 verbose stack     at emitTwo (events.js:106:13)
14 verbose stack     at ChildProcess.emit (events.js:191:7)
14 verbose stack     at maybeClose (internal/child_process.js:886:16)
14 verbose stack     at Process.ChildProcess._handle.onexit (internal/child_process.js:226:5)
15 verbose pkgid scratch-map-frontend@
16 verbose cwd /home/miron/sm-frontend
17 error Linux 4.8.0-49-generic
18 error argv "/usr/local/bin/node" "/usr/local/bin/npm" "run" "build"
19 error node v6.10.2
20 error npm  v3.10.10
21 error code ELIFECYCLE
22 error scratch-map-frontend@ build: `ng build`
22 error Exit status 1
23 error Failed at the scratch-map-frontend@ build script 'ng build'.
23 error Make sure you have the latest version of node.js and npm installed.
23 error If you do, this is most likely a problem with the scratch-map-frontend package,
23 error not with npm itself.
23 error Tell the author that this fails on your system:
23 error     ng build
23 error You can get information on how to open an issue for this project with:
23 error     npm bugs scratch-map-frontend
23 error Or if that isn't available, you can get their info via:
23 error     npm owner ls scratch-map-frontend
23 error There is likely additional logging output above.
24 verbose exit [ 1, true ]
